24-Sep-2020 16:28:17.281 INFO [main] org.apache.catalina.startup.VersionLoggerListener.log 서버 버전 이름:        Apache Tomcat/9.0.37
24-Sep-2020 16:28:17.284 INFO [main] org.apache.catalina.startup.VersionLoggerListener.log Server 빌드 시각:          Jun 30 2020 20:09:49 UTC
24-Sep-2020 16:28:17.286 INFO [main] org.apache.catalina.startup.VersionLoggerListener.log Server 버전 번호:         9.0.37.0
24-Sep-2020 16:28:17.287 INFO [main] org.apache.catalina.startup.VersionLoggerListener.log 운영체제 이름:               Windows 10
24-Sep-2020 16:28:17.287 INFO [main] org.apache.catalina.startup.VersionLoggerListener.log 운영체제 버전:            10.0
24-Sep-2020 16:28:17.287 INFO [main] org.apache.catalina.startup.VersionLoggerListener.log 아키텍처:          amd64
24-Sep-2020 16:28:17.287 INFO [main] org.apache.catalina.startup.VersionLoggerListener.log 자바 홈:             C:\Program Files\Java\jdk-14.0.2
24-Sep-2020 16:28:17.287 INFO [main] org.apache.catalina.startup.VersionLoggerListener.log JVM 버전:           14.0.2+12-46
24-Sep-2020 16:28:17.288 INFO [main] org.apache.catalina.startup.VersionLoggerListener.log JVM 벤더:            Oracle Corporation
24-Sep-2020 16:28:17.288 INFO [main] org.apache.catalina.startup.VersionLoggerListener.log CATALINA_BASE:         C:\apache-tomcat-9.0.37
24-Sep-2020 16:28:17.288 INFO [main] org.apache.catalina.startup.VersionLoggerListener.log CATALINA_HOME:         C:\apache-tomcat-9.0.37
24-Sep-2020 16:28:17.306 INFO [main] org.apache.catalina.startup.VersionLoggerListener.log 명령 행 아규먼트: --add-opens=java.base/java.lang=ALL-UNNAMED
24-Sep-2020 16:28:17.308 INFO [main] org.apache.catalina.startup.VersionLoggerListener.log 명령 행 아규먼트: --add-opens=java.base/java.io=ALL-UNNAMED
24-Sep-2020 16:28:17.309 INFO [main] org.apache.catalina.startup.VersionLoggerListener.log 명령 행 아규먼트: --add-opens=java.rmi/sun.rmi.transport=ALL-UNNAMED
24-Sep-2020 16:28:17.309 INFO [main] org.apache.catalina.startup.VersionLoggerListener.log 명령 행 아규먼트: -Djava.util.logging.config.file=C:\apache-tomcat-9.0.37\conf\logging.properties
24-Sep-2020 16:28:17.310 INFO [main] org.apache.catalina.startup.VersionLoggerListener.log 명령 행 아규먼트: -Djava.util.logging.manager=org.apache.juli.ClassLoaderLogManager
24-Sep-2020 16:28:17.310 INFO [main] org.apache.catalina.startup.VersionLoggerListener.log 명령 행 아규먼트: -Djdk.tls.ephemeralDHKeySize=2048
24-Sep-2020 16:28:17.311 INFO [main] org.apache.catalina.startup.VersionLoggerListener.log 명령 행 아규먼트: -Djava.protocol.handler.pkgs=org.apache.catalina.webresources
24-Sep-2020 16:28:17.312 INFO [main] org.apache.catalina.startup.VersionLoggerListener.log 명령 행 아규먼트: -Dignore.endorsed.dirs=
24-Sep-2020 16:28:17.312 INFO [main] org.apache.catalina.startup.VersionLoggerListener.log 명령 행 아규먼트: -Dcatalina.base=C:\apache-tomcat-9.0.37
24-Sep-2020 16:28:17.312 INFO [main] org.apache.catalina.startup.VersionLoggerListener.log 명령 행 아규먼트: -Dcatalina.home=C:\apache-tomcat-9.0.37
24-Sep-2020 16:28:17.313 INFO [main] org.apache.catalina.startup.VersionLoggerListener.log 명령 행 아규먼트: -Djava.io.tmpdir=C:\apache-tomcat-9.0.37\temp
24-Sep-2020 16:28:17.313 INFO [main] org.apache.catalina.core.AprLifecycleListener.lifecycleEvent APR 버전 [1.7.0]을(를) 사용한, APR 기반 Apache Tomcat Native 라이브러리 [1.2.24]을(를) 로드했습니다.
24-Sep-2020 16:28:17.314 INFO [main] org.apache.catalina.core.AprLifecycleListener.lifecycleEvent APR 용량정보들: IPv6 [true], sendfile [true], accept filters [false], random [true].
24-Sep-2020 16:28:17.314 INFO [main] org.apache.catalina.core.AprLifecycleListener.lifecycleEvent APR/OpenSSL 설정: useAprConnector [false], useOpenSSL [true]
24-Sep-2020 16:28:17.329 INFO [main] org.apache.catalina.core.AprLifecycleListener.initializeSSL OpenSSL이 성공적으로 초기화되었습니다: [OpenSSL 1.1.1g  21 Apr 2020]
24-Sep-2020 16:28:17.592 INFO [main] org.apache.coyote.AbstractProtocol.init 프로토콜 핸들러 ["http-nio-8080"]을(를) 초기화합니다.
24-Sep-2020 16:28:17.686 INFO [main] org.apache.catalina.startup.Catalina.load [688] 밀리초 내에 서버가 초기화되었습니다.
24-Sep-2020 16:28:17.717 INFO [main] org.apache.catalina.core.StandardService.startInternal 서비스 [Catalina]을(를) 시작합니다.
24-Sep-2020 16:28:17.717 INFO [main] org.apache.catalina.core.StandardEngine.startInternal 서버 엔진을 시작합니다: [Apache Tomcat/9.0.37]
24-Sep-2020 16:28:17.733 INFO [main] org.apache.catalina.startup.HostConfig.deployDirectory 웹 애플리케이션 디렉토리 [C:\apache-tomcat-9.0.37\webapps\docs]을(를) 배치합니다.
24-Sep-2020 16:28:17.999 INFO [main] org.apache.catalina.startup.HostConfig.deployDirectory 웹 애플리케이션 디렉토리 [C:\apache-tomcat-9.0.37\webapps\docs]에 대한 배치가 [250] 밀리초에 완료되었습니다.
24-Sep-2020 16:28:17.999 INFO [main] org.apache.catalina.startup.HostConfig.deployDirectory 웹 애플리케이션 디렉토리 [C:\apache-tomcat-9.0.37\webapps\examples]을(를) 배치합니다.
24-Sep-2020 16:28:18.405 INFO [main] org.apache.catalina.startup.HostConfig.deployDirectory 웹 애플리케이션 디렉토리 [C:\apache-tomcat-9.0.37\webapps\examples]에 대한 배치가 [406] 밀리초에 완료되었습니다.
24-Sep-2020 16:28:18.405 INFO [main] org.apache.catalina.startup.HostConfig.deployDirectory 웹 애플리케이션 디렉토리 [C:\apache-tomcat-9.0.37\webapps\host-manager]을(를) 배치합니다.
24-Sep-2020 16:28:18.436 INFO [main] org.apache.catalina.startup.HostConfig.deployDirectory 웹 애플리케이션 디렉토리 [C:\apache-tomcat-9.0.37\webapps\host-manager]에 대한 배치가 [31] 밀리초에 완료되었습니다.
24-Sep-2020 16:28:18.436 INFO [main] org.apache.catalina.startup.HostConfig.deployDirectory 웹 애플리케이션 디렉토리 [C:\apache-tomcat-9.0.37\webapps\jspbook]을(를) 배치합니다.
24-Sep-2020 16:28:18.483 INFO [main] org.apache.catalina.startup.HostConfig.deployDirectory 웹 애플리케이션 디렉토리 [C:\apache-tomcat-9.0.37\webapps\jspbook]에 대한 배치가 [47] 밀리초에 완료되었습니다.
24-Sep-2020 16:28:18.483 INFO [main] org.apache.catalina.startup.HostConfig.deployDirectory 웹 애플리케이션 디렉토리 [C:\apache-tomcat-9.0.37\webapps\manager]을(를) 배치합니다.
24-Sep-2020 16:28:18.514 INFO [main] org.apache.catalina.startup.HostConfig.deployDirectory 웹 애플리케이션 디렉토리 [C:\apache-tomcat-9.0.37\webapps\manager]에 대한 배치가 [31] 밀리초에 완료되었습니다.
24-Sep-2020 16:28:18.514 INFO [main] org.apache.catalina.startup.HostConfig.deployDirectory 웹 애플리케이션 디렉토리 [C:\apache-tomcat-9.0.37\webapps\ROOT]을(를) 배치합니다.
24-Sep-2020 16:28:18.545 INFO [main] org.apache.catalina.startup.HostConfig.deployDirectory 웹 애플리케이션 디렉토리 [C:\apache-tomcat-9.0.37\webapps\ROOT]에 대한 배치가 [31] 밀리초에 완료되었습니다.
24-Sep-2020 16:28:18.550 INFO [main] org.apache.coyote.AbstractProtocol.start 프로토콜 핸들러 ["http-nio-8080"]을(를) 시작합니다.
24-Sep-2020 16:28:18.550 INFO [main] org.apache.catalina.startup.Catalina.start 서버가 [868] 밀리초 내에 시작되었습니다.
24-Sep-2020 21:41:44.483 INFO [main] org.apache.catalina.startup.VersionLoggerListener.log 서버 버전 이름:        Apache Tomcat/9.0.37
24-Sep-2020 21:41:44.488 INFO [main] org.apache.catalina.startup.VersionLoggerListener.log Server 빌드 시각:          Jun 30 2020 20:09:49 UTC
24-Sep-2020 21:41:44.489 INFO [main] org.apache.catalina.startup.VersionLoggerListener.log Server 버전 번호:         9.0.37.0
24-Sep-2020 21:41:44.489 INFO [main] org.apache.catalina.startup.VersionLoggerListener.log 운영체제 이름:               Windows 10
24-Sep-2020 21:41:44.489 INFO [main] org.apache.catalina.startup.VersionLoggerListener.log 운영체제 버전:            10.0
24-Sep-2020 21:41:44.489 INFO [main] org.apache.catalina.startup.VersionLoggerListener.log 아키텍처:          amd64
24-Sep-2020 21:41:44.490 INFO [main] org.apache.catalina.startup.VersionLoggerListener.log 자바 홈:             C:\Program Files\Java\jdk-14.0.2
24-Sep-2020 21:41:44.490 INFO [main] org.apache.catalina.startup.VersionLoggerListener.log JVM 버전:           14.0.2+12-46
24-Sep-2020 21:41:44.492 INFO [main] org.apache.catalina.startup.VersionLoggerListener.log JVM 벤더:            Oracle Corporation
24-Sep-2020 21:41:44.492 INFO [main] org.apache.catalina.startup.VersionLoggerListener.log CATALINA_BASE:         C:\apache-tomcat-9.0.37
24-Sep-2020 21:41:44.492 INFO [main] org.apache.catalina.startup.VersionLoggerListener.log CATALINA_HOME:         C:\apache-tomcat-9.0.37
24-Sep-2020 21:41:44.504 INFO [main] org.apache.catalina.startup.VersionLoggerListener.log 명령 행 아규먼트: --add-opens=java.base/java.lang=ALL-UNNAMED
24-Sep-2020 21:41:44.504 INFO [main] org.apache.catalina.startup.VersionLoggerListener.log 명령 행 아규먼트: --add-opens=java.base/java.io=ALL-UNNAMED
24-Sep-2020 21:41:44.504 INFO [main] org.apache.catalina.startup.VersionLoggerListener.log 명령 행 아규먼트: --add-opens=java.rmi/sun.rmi.transport=ALL-UNNAMED
24-Sep-2020 21:41:44.505 INFO [main] org.apache.catalina.startup.VersionLoggerListener.log 명령 행 아규먼트: -Djava.util.logging.config.file=C:\apache-tomcat-9.0.37\conf\logging.properties
24-Sep-2020 21:41:44.505 INFO [main] org.apache.catalina.startup.VersionLoggerListener.log 명령 행 아규먼트: -Djava.util.logging.manager=org.apache.juli.ClassLoaderLogManager
24-Sep-2020 21:41:44.506 INFO [main] org.apache.catalina.startup.VersionLoggerListener.log 명령 행 아규먼트: -Djdk.tls.ephemeralDHKeySize=2048
24-Sep-2020 21:41:44.506 INFO [main] org.apache.catalina.startup.VersionLoggerListener.log 명령 행 아규먼트: -Djava.protocol.handler.pkgs=org.apache.catalina.webresources
24-Sep-2020 21:41:44.506 INFO [main] org.apache.catalina.startup.VersionLoggerListener.log 명령 행 아규먼트: -Dignore.endorsed.dirs=
24-Sep-2020 21:41:44.507 INFO [main] org.apache.catalina.startup.VersionLoggerListener.log 명령 행 아규먼트: -Dcatalina.base=C:\apache-tomcat-9.0.37
24-Sep-2020 21:41:44.507 INFO [main] org.apache.catalina.startup.VersionLoggerListener.log 명령 행 아규먼트: -Dcatalina.home=C:\apache-tomcat-9.0.37
24-Sep-2020 21:41:44.508 INFO [main] org.apache.catalina.startup.VersionLoggerListener.log 명령 행 아규먼트: -Djava.io.tmpdir=C:\apache-tomcat-9.0.37\temp
24-Sep-2020 21:41:44.508 INFO [main] org.apache.catalina.core.AprLifecycleListener.lifecycleEvent APR 버전 [1.7.0]을(를) 사용한, APR 기반 Apache Tomcat Native 라이브러리 [1.2.24]을(를) 로드했습니다.
24-Sep-2020 21:41:44.508 INFO [main] org.apache.catalina.core.AprLifecycleListener.lifecycleEvent APR 용량정보들: IPv6 [true], sendfile [true], accept filters [false], random [true].
24-Sep-2020 21:41:44.509 INFO [main] org.apache.catalina.core.AprLifecycleListener.lifecycleEvent APR/OpenSSL 설정: useAprConnector [false], useOpenSSL [true]
24-Sep-2020 21:41:44.513 INFO [main] org.apache.catalina.core.AprLifecycleListener.initializeSSL OpenSSL이 성공적으로 초기화되었습니다: [OpenSSL 1.1.1g  21 Apr 2020]
24-Sep-2020 21:41:44.812 INFO [main] org.apache.coyote.AbstractProtocol.init 프로토콜 핸들러 ["http-nio-8080"]을(를) 초기화합니다.
24-Sep-2020 21:41:44.908 INFO [main] org.apache.catalina.startup.Catalina.load [709] 밀리초 내에 서버가 초기화되었습니다.
24-Sep-2020 21:41:44.956 INFO [main] org.apache.catalina.core.StandardService.startInternal 서비스 [Catalina]을(를) 시작합니다.
24-Sep-2020 21:41:44.957 INFO [main] org.apache.catalina.core.StandardEngine.startInternal 서버 엔진을 시작합니다: [Apache Tomcat/9.0.37]
24-Sep-2020 21:41:44.968 INFO [main] org.apache.catalina.startup.HostConfig.deployDirectory 웹 애플리케이션 디렉토리 [C:\apache-tomcat-9.0.37\webapps\docs]을(를) 배치합니다.
24-Sep-2020 21:41:45.460 INFO [main] org.apache.catalina.startup.HostConfig.deployDirectory 웹 애플리케이션 디렉토리 [C:\apache-tomcat-9.0.37\webapps\docs]에 대한 배치가 [490] 밀리초에 완료되었습니다.
24-Sep-2020 21:41:45.461 INFO [main] org.apache.catalina.startup.HostConfig.deployDirectory 웹 애플리케이션 디렉토리 [C:\apache-tomcat-9.0.37\webapps\examples]을(를) 배치합니다.
24-Sep-2020 21:41:45.999 INFO [main] org.apache.catalina.startup.HostConfig.deployDirectory 웹 애플리케이션 디렉토리 [C:\apache-tomcat-9.0.37\webapps\examples]에 대한 배치가 [537] 밀리초에 완료되었습니다.
24-Sep-2020 21:41:45.999 INFO [main] org.apache.catalina.startup.HostConfig.deployDirectory 웹 애플리케이션 디렉토리 [C:\apache-tomcat-9.0.37\webapps\host-manager]을(를) 배치합니다.
24-Sep-2020 21:41:46.043 INFO [main] org.apache.catalina.startup.HostConfig.deployDirectory 웹 애플리케이션 디렉토리 [C:\apache-tomcat-9.0.37\webapps\host-manager]에 대한 배치가 [44] 밀리초에 완료되었습니다.
24-Sep-2020 21:41:46.045 INFO [main] org.apache.catalina.startup.HostConfig.deployDirectory 웹 애플리케이션 디렉토리 [C:\apache-tomcat-9.0.37\webapps\jspbook]을(를) 배치합니다.
24-Sep-2020 21:41:46.092 INFO [main] org.apache.catalina.startup.HostConfig.deployDirectory 웹 애플리케이션 디렉토리 [C:\apache-tomcat-9.0.37\webapps\jspbook]에 대한 배치가 [48] 밀리초에 완료되었습니다.
24-Sep-2020 21:41:46.093 INFO [main] org.apache.catalina.startup.HostConfig.deployDirectory 웹 애플리케이션 디렉토리 [C:\apache-tomcat-9.0.37\webapps\manager]을(를) 배치합니다.
24-Sep-2020 21:41:46.125 INFO [main] org.apache.catalina.startup.HostConfig.deployDirectory 웹 애플리케이션 디렉토리 [C:\apache-tomcat-9.0.37\webapps\manager]에 대한 배치가 [32] 밀리초에 완료되었습니다.
24-Sep-2020 21:41:46.126 INFO [main] org.apache.catalina.startup.HostConfig.deployDirectory 웹 애플리케이션 디렉토리 [C:\apache-tomcat-9.0.37\webapps\ROOT]을(를) 배치합니다.
24-Sep-2020 21:41:46.151 INFO [main] org.apache.catalina.startup.HostConfig.deployDirectory 웹 애플리케이션 디렉토리 [C:\apache-tomcat-9.0.37\webapps\ROOT]에 대한 배치가 [25] 밀리초에 완료되었습니다.
24-Sep-2020 21:41:46.155 INFO [main] org.apache.coyote.AbstractProtocol.start 프로토콜 핸들러 ["http-nio-8080"]을(를) 시작합니다.
24-Sep-2020 21:41:46.163 INFO [main] org.apache.catalina.startup.Catalina.start 서버가 [1253] 밀리초 내에 시작되었습니다.
24-Sep-2020 22:06:32.924 INFO [main] org.apache.catalina.startup.VersionLoggerListener.log 서버 버전 이름:        Apache Tomcat/9.0.37
24-Sep-2020 22:06:32.928 INFO [main] org.apache.catalina.startup.VersionLoggerListener.log Server 빌드 시각:          Jun 30 2020 20:09:49 UTC
24-Sep-2020 22:06:32.928 INFO [main] org.apache.catalina.startup.VersionLoggerListener.log Server 버전 번호:         9.0.37.0
24-Sep-2020 22:06:32.928 INFO [main] org.apache.catalina.startup.VersionLoggerListener.log 운영체제 이름:               Windows 10
24-Sep-2020 22:06:32.928 INFO [main] org.apache.catalina.startup.VersionLoggerListener.log 운영체제 버전:            10.0
24-Sep-2020 22:06:32.928 INFO [main] org.apache.catalina.startup.VersionLoggerListener.log 아키텍처:          amd64
24-Sep-2020 22:06:32.929 INFO [main] org.apache.catalina.startup.VersionLoggerListener.log 자바 홈:             C:\Program Files\Java\jdk-14.0.2
24-Sep-2020 22:06:32.929 INFO [main] org.apache.catalina.startup.VersionLoggerListener.log JVM 버전:           14.0.2+12-46
24-Sep-2020 22:06:32.929 INFO [main] org.apache.catalina.startup.VersionLoggerListener.log JVM 벤더:            Oracle Corporation
24-Sep-2020 22:06:32.929 INFO [main] org.apache.catalina.startup.VersionLoggerListener.log CATALINA_BASE:         C:\apache-tomcat-9.0.37
24-Sep-2020 22:06:32.929 INFO [main] org.apache.catalina.startup.VersionLoggerListener.log CATALINA_HOME:         C:\apache-tomcat-9.0.37
24-Sep-2020 22:06:32.940 INFO [main] org.apache.catalina.startup.VersionLoggerListener.log 명령 행 아규먼트: --add-opens=java.base/java.lang=ALL-UNNAMED
24-Sep-2020 22:06:32.940 INFO [main] org.apache.catalina.startup.VersionLoggerListener.log 명령 행 아규먼트: --add-opens=java.base/java.io=ALL-UNNAMED
24-Sep-2020 22:06:32.940 INFO [main] org.apache.catalina.startup.VersionLoggerListener.log 명령 행 아규먼트: --add-opens=java.rmi/sun.rmi.transport=ALL-UNNAMED
24-Sep-2020 22:06:32.940 INFO [main] org.apache.catalina.startup.VersionLoggerListener.log 명령 행 아규먼트: -Djava.util.logging.config.file=C:\apache-tomcat-9.0.37\conf\logging.properties
24-Sep-2020 22:06:32.941 INFO [main] org.apache.catalina.startup.VersionLoggerListener.log 명령 행 아규먼트: -Djava.util.logging.manager=org.apache.juli.ClassLoaderLogManager
24-Sep-2020 22:06:32.941 INFO [main] org.apache.catalina.startup.VersionLoggerListener.log 명령 행 아규먼트: -Djdk.tls.ephemeralDHKeySize=2048
24-Sep-2020 22:06:32.942 INFO [main] org.apache.catalina.startup.VersionLoggerListener.log 명령 행 아규먼트: -Djava.protocol.handler.pkgs=org.apache.catalina.webresources
24-Sep-2020 22:06:32.942 INFO [main] org.apache.catalina.startup.VersionLoggerListener.log 명령 행 아규먼트: -Dignore.endorsed.dirs=
24-Sep-2020 22:06:32.943 INFO [main] org.apache.catalina.startup.VersionLoggerListener.log 명령 행 아규먼트: -Dcatalina.base=C:\apache-tomcat-9.0.37
24-Sep-2020 22:06:32.943 INFO [main] org.apache.catalina.startup.VersionLoggerListener.log 명령 행 아규먼트: -Dcatalina.home=C:\apache-tomcat-9.0.37
24-Sep-2020 22:06:32.944 INFO [main] org.apache.catalina.startup.VersionLoggerListener.log 명령 행 아규먼트: -Djava.io.tmpdir=C:\apache-tomcat-9.0.37\temp
24-Sep-2020 22:06:32.945 INFO [main] org.apache.catalina.core.AprLifecycleListener.lifecycleEvent APR 버전 [1.7.0]을(를) 사용한, APR 기반 Apache Tomcat Native 라이브러리 [1.2.24]을(를) 로드했습니다.
24-Sep-2020 22:06:32.945 INFO [main] org.apache.catalina.core.AprLifecycleListener.lifecycleEvent APR 용량정보들: IPv6 [true], sendfile [true], accept filters [false], random [true].
24-Sep-2020 22:06:32.945 INFO [main] org.apache.catalina.core.AprLifecycleListener.lifecycleEvent APR/OpenSSL 설정: useAprConnector [false], useOpenSSL [true]
24-Sep-2020 22:06:32.950 INFO [main] org.apache.catalina.core.AprLifecycleListener.initializeSSL OpenSSL이 성공적으로 초기화되었습니다: [OpenSSL 1.1.1g  21 Apr 2020]
24-Sep-2020 22:06:33.212 INFO [main] org.apache.coyote.AbstractProtocol.init 프로토콜 핸들러 ["http-nio-8080"]을(를) 초기화합니다.
24-Sep-2020 22:06:33.286 INFO [main] org.apache.catalina.startup.Catalina.load [593] 밀리초 내에 서버가 초기화되었습니다.
24-Sep-2020 22:06:33.327 INFO [main] org.apache.catalina.core.StandardService.startInternal 서비스 [Catalina]을(를) 시작합니다.
24-Sep-2020 22:06:33.327 INFO [main] org.apache.catalina.core.StandardEngine.startInternal 서버 엔진을 시작합니다: [Apache Tomcat/9.0.37]
24-Sep-2020 22:06:33.337 INFO [main] org.apache.catalina.startup.HostConfig.deployDirectory 웹 애플리케이션 디렉토리 [C:\apache-tomcat-9.0.37\webapps\docs]을(를) 배치합니다.
24-Sep-2020 22:06:33.568 INFO [main] org.apache.jasper.servlet.TldScanner.scanJars 적어도 하나의 JAR가 TLD들을 찾기 위해 스캔되었으나 아무 것도 찾지 못했습니다. 스캔했으나 TLD가 없는 JAR들의 전체 목록을 보시려면, 로그 레벨을 디버그 레벨로 설정하십시오. 스캔 과정에서 불필요한 JAR들을 건너뛰면, 시스템 시작 시간과 JSP 컴파일 시간을 단축시킬 수 있습니다.
24-Sep-2020 22:06:33.637 INFO [main] org.apache.catalina.startup.HostConfig.deployDirectory 웹 애플리케이션 디렉토리 [C:\apache-tomcat-9.0.37\webapps\docs]에 대한 배치가 [298] 밀리초에 완료되었습니다.
24-Sep-2020 22:06:33.638 INFO [main] org.apache.catalina.startup.HostConfig.deployDirectory 웹 애플리케이션 디렉토리 [C:\apache-tomcat-9.0.37\webapps\examples]을(를) 배치합니다.
24-Sep-2020 22:06:33.963 INFO [main] org.apache.jasper.servlet.TldScanner.scanJars 적어도 하나의 JAR가 TLD들을 찾기 위해 스캔되었으나 아무 것도 찾지 못했습니다. 스캔했으나 TLD가 없는 JAR들의 전체 목록을 보시려면, 로그 레벨을 디버그 레벨로 설정하십시오. 스캔 과정에서 불필요한 JAR들을 건너뛰면, 시스템 시작 시간과 JSP 컴파일 시간을 단축시킬 수 있습니다.
24-Sep-2020 22:06:34.014 INFO [main] org.apache.catalina.startup.HostConfig.deployDirectory 웹 애플리케이션 디렉토리 [C:\apache-tomcat-9.0.37\webapps\examples]에 대한 배치가 [376] 밀리초에 완료되었습니다.
24-Sep-2020 22:06:34.015 INFO [main] org.apache.catalina.startup.HostConfig.deployDirectory 웹 애플리케이션 디렉토리 [C:\apache-tomcat-9.0.37\webapps\host-manager]을(를) 배치합니다.
24-Sep-2020 22:06:34.069 INFO [main] org.apache.jasper.servlet.TldScanner.scanJars 적어도 하나의 JAR가 TLD들을 찾기 위해 스캔되었으나 아무 것도 찾지 못했습니다. 스캔했으나 TLD가 없는 JAR들의 전체 목록을 보시려면, 로그 레벨을 디버그 레벨로 설정하십시오. 스캔 과정에서 불필요한 JAR들을 건너뛰면, 시스템 시작 시간과 JSP 컴파일 시간을 단축시킬 수 있습니다.
24-Sep-2020 22:06:34.079 INFO [main] org.apache.catalina.startup.HostConfig.deployDirectory 웹 애플리케이션 디렉토리 [C:\apache-tomcat-9.0.37\webapps\host-manager]에 대한 배치가 [64] 밀리초에 완료되었습니다.
24-Sep-2020 22:06:34.080 INFO [main] org.apache.catalina.startup.HostConfig.deployDirectory 웹 애플리케이션 디렉토리 [C:\apache-tomcat-9.0.37\webapps\jspbook]을(를) 배치합니다.
24-Sep-2020 22:06:34.128 INFO [main] org.apache.jasper.servlet.TldScanner.scanJars 적어도 하나의 JAR가 TLD들을 찾기 위해 스캔되었으나 아무 것도 찾지 못했습니다. 스캔했으나 TLD가 없는 JAR들의 전체 목록을 보시려면, 로그 레벨을 디버그 레벨로 설정하십시오. 스캔 과정에서 불필요한 JAR들을 건너뛰면, 시스템 시작 시간과 JSP 컴파일 시간을 단축시킬 수 있습니다.
24-Sep-2020 22:06:34.136 INFO [main] org.apache.catalina.startup.HostConfig.deployDirectory 웹 애플리케이션 디렉토리 [C:\apache-tomcat-9.0.37\webapps\jspbook]에 대한 배치가 [55] 밀리초에 완료되었습니다.
24-Sep-2020 22:06:34.136 INFO [main] org.apache.catalina.startup.HostConfig.deployDirectory 웹 애플리케이션 디렉토리 [C:\apache-tomcat-9.0.37\webapps\manager]을(를) 배치합니다.
24-Sep-2020 22:06:34.181 INFO [main] org.apache.jasper.servlet.TldScanner.scanJars 적어도 하나의 JAR가 TLD들을 찾기 위해 스캔되었으나 아무 것도 찾지 못했습니다. 스캔했으나 TLD가 없는 JAR들의 전체 목록을 보시려면, 로그 레벨을 디버그 레벨로 설정하십시오. 스캔 과정에서 불필요한 JAR들을 건너뛰면, 시스템 시작 시간과 JSP 컴파일 시간을 단축시킬 수 있습니다.
24-Sep-2020 22:06:34.185 INFO [main] org.apache.catalina.startup.HostConfig.deployDirectory 웹 애플리케이션 디렉토리 [C:\apache-tomcat-9.0.37\webapps\manager]에 대한 배치가 [49] 밀리초에 완료되었습니다.
24-Sep-2020 22:06:34.185 INFO [main] org.apache.catalina.startup.HostConfig.deployDirectory 웹 애플리케이션 디렉토리 [C:\apache-tomcat-9.0.37\webapps\ROOT]을(를) 배치합니다.
24-Sep-2020 22:06:34.224 INFO [main] org.apache.jasper.servlet.TldScanner.scanJars 적어도 하나의 JAR가 TLD들을 찾기 위해 스캔되었으나 아무 것도 찾지 못했습니다. 스캔했으나 TLD가 없는 JAR들의 전체 목록을 보시려면, 로그 레벨을 디버그 레벨로 설정하십시오. 스캔 과정에서 불필요한 JAR들을 건너뛰면, 시스템 시작 시간과 JSP 컴파일 시간을 단축시킬 수 있습니다.
24-Sep-2020 22:06:34.227 INFO [main] org.apache.catalina.startup.HostConfig.deployDirectory 웹 애플리케이션 디렉토리 [C:\apache-tomcat-9.0.37\webapps\ROOT]에 대한 배치가 [42] 밀리초에 완료되었습니다.
24-Sep-2020 22:06:34.231 INFO [main] org.apache.coyote.AbstractProtocol.start 프로토콜 핸들러 ["http-nio-8080"]을(를) 시작합니다.
24-Sep-2020 22:06:34.239 INFO [main] org.apache.catalina.startup.Catalina.start 서버가 [943] 밀리초 내에 시작되었습니다.
