18-Nov-2020 13:32:36.206 INFO [main] org.apache.catalina.startup.VersionLoggerListener.log 서버 버전 이름:        Apache Tomcat/9.0.37
18-Nov-2020 13:32:36.218 INFO [main] org.apache.catalina.startup.VersionLoggerListener.log Server 빌드 시각:          Jun 30 2020 20:09:49 UTC
18-Nov-2020 13:32:36.218 INFO [main] org.apache.catalina.startup.VersionLoggerListener.log Server 버전 번호:         9.0.37.0
18-Nov-2020 13:32:36.218 INFO [main] org.apache.catalina.startup.VersionLoggerListener.log 운영체제 이름:               Windows 10
18-Nov-2020 13:32:36.218 INFO [main] org.apache.catalina.startup.VersionLoggerListener.log 운영체제 버전:            10.0
18-Nov-2020 13:32:36.218 INFO [main] org.apache.catalina.startup.VersionLoggerListener.log 아키텍처:          amd64
18-Nov-2020 13:32:36.218 INFO [main] org.apache.catalina.startup.VersionLoggerListener.log 자바 홈:             C:\Program Files\Java\jdk-14.0.2
18-Nov-2020 13:32:36.218 INFO [main] org.apache.catalina.startup.VersionLoggerListener.log JVM 버전:           14.0.2+12-46
18-Nov-2020 13:32:36.218 INFO [main] org.apache.catalina.startup.VersionLoggerListener.log JVM 벤더:            Oracle Corporation
18-Nov-2020 13:32:36.218 INFO [main] org.apache.catalina.startup.VersionLoggerListener.log CATALINA_BASE:         C:\apache-tomcat-9.0.37
18-Nov-2020 13:32:36.218 INFO [main] org.apache.catalina.startup.VersionLoggerListener.log CATALINA_HOME:         C:\apache-tomcat-9.0.37
18-Nov-2020 13:32:36.237 INFO [main] org.apache.catalina.startup.VersionLoggerListener.log 명령 행 아규먼트: --add-opens=java.base/java.lang=ALL-UNNAMED
18-Nov-2020 13:32:36.237 INFO [main] org.apache.catalina.startup.VersionLoggerListener.log 명령 행 아규먼트: --add-opens=java.base/java.io=ALL-UNNAMED
18-Nov-2020 13:32:36.237 INFO [main] org.apache.catalina.startup.VersionLoggerListener.log 명령 행 아규먼트: --add-opens=java.rmi/sun.rmi.transport=ALL-UNNAMED
18-Nov-2020 13:32:36.237 INFO [main] org.apache.catalina.startup.VersionLoggerListener.log 명령 행 아규먼트: -Djava.util.logging.config.file=C:\apache-tomcat-9.0.37\conf\logging.properties
18-Nov-2020 13:32:36.237 INFO [main] org.apache.catalina.startup.VersionLoggerListener.log 명령 행 아규먼트: -Djava.util.logging.manager=org.apache.juli.ClassLoaderLogManager
18-Nov-2020 13:32:36.237 INFO [main] org.apache.catalina.startup.VersionLoggerListener.log 명령 행 아규먼트: -Djdk.tls.ephemeralDHKeySize=2048
18-Nov-2020 13:32:36.237 INFO [main] org.apache.catalina.startup.VersionLoggerListener.log 명령 행 아규먼트: -Djava.protocol.handler.pkgs=org.apache.catalina.webresources
18-Nov-2020 13:32:36.237 INFO [main] org.apache.catalina.startup.VersionLoggerListener.log 명령 행 아규먼트: -Dignore.endorsed.dirs=
18-Nov-2020 13:32:36.237 INFO [main] org.apache.catalina.startup.VersionLoggerListener.log 명령 행 아규먼트: -Dcatalina.base=C:\apache-tomcat-9.0.37
18-Nov-2020 13:32:36.237 INFO [main] org.apache.catalina.startup.VersionLoggerListener.log 명령 행 아규먼트: -Dcatalina.home=C:\apache-tomcat-9.0.37
18-Nov-2020 13:32:36.237 INFO [main] org.apache.catalina.startup.VersionLoggerListener.log 명령 행 아규먼트: -Djava.io.tmpdir=C:\apache-tomcat-9.0.37\temp
18-Nov-2020 13:32:36.237 INFO [main] org.apache.catalina.core.AprLifecycleListener.lifecycleEvent APR 버전 [1.7.0]을(를) 사용한, APR 기반 Apache Tomcat Native 라이브러리 [1.2.24]을(를) 로드했습니다.
18-Nov-2020 13:32:36.237 INFO [main] org.apache.catalina.core.AprLifecycleListener.lifecycleEvent APR 용량정보들: IPv6 [true], sendfile [true], accept filters [false], random [true].
18-Nov-2020 13:32:36.237 INFO [main] org.apache.catalina.core.AprLifecycleListener.lifecycleEvent APR/OpenSSL 설정: useAprConnector [false], useOpenSSL [true]
18-Nov-2020 13:32:36.253 INFO [main] org.apache.catalina.core.AprLifecycleListener.initializeSSL OpenSSL이 성공적으로 초기화되었습니다: [OpenSSL 1.1.1g  21 Apr 2020]
18-Nov-2020 13:32:36.541 INFO [main] org.apache.coyote.AbstractProtocol.init 프로토콜 핸들러 ["http-nio-8080"]을(를) 초기화합니다.
18-Nov-2020 13:32:36.635 INFO [main] org.apache.catalina.startup.Catalina.load [733] 밀리초 내에 서버가 초기화되었습니다.
18-Nov-2020 13:32:36.681 INFO [main] org.apache.catalina.core.StandardService.startInternal 서비스 [Catalina]을(를) 시작합니다.
18-Nov-2020 13:32:36.681 INFO [main] org.apache.catalina.core.StandardEngine.startInternal 서버 엔진을 시작합니다: [Apache Tomcat/9.0.37]
18-Nov-2020 13:32:36.681 INFO [main] org.apache.catalina.startup.HostConfig.deployDirectory 웹 애플리케이션 디렉토리 [C:\apache-tomcat-9.0.37\webapps\docs]을(를) 배치합니다.
18-Nov-2020 13:32:37.046 INFO [main] org.apache.jasper.servlet.TldScanner.scanJars 적어도 하나의 JAR가 TLD들을 찾기 위해 스캔되었으나 아무 것도 찾지 못했습니다. 스캔했으나 TLD가 없는 JAR들의 전체 목록을 보시려면, 로그 레벨을 디버그 레벨로 설정하십시오. 스캔 과정에서 불필요한 JAR들을 건너뛰면, 시스템 시작 시간과 JSP 컴파일 시간을 단축시킬 수 있습니다.
18-Nov-2020 13:32:37.136 INFO [main] org.apache.catalina.startup.HostConfig.deployDirectory 웹 애플리케이션 디렉토리 [C:\apache-tomcat-9.0.37\webapps\docs]에 대한 배치가 [452] 밀리초에 완료되었습니다.
18-Nov-2020 13:32:37.137 INFO [main] org.apache.catalina.startup.HostConfig.deployDirectory 웹 애플리케이션 디렉토리 [C:\apache-tomcat-9.0.37\webapps\examples]을(를) 배치합니다.
18-Nov-2020 13:32:37.640 INFO [main] org.apache.jasper.servlet.TldScanner.scanJars 적어도 하나의 JAR가 TLD들을 찾기 위해 스캔되었으나 아무 것도 찾지 못했습니다. 스캔했으나 TLD가 없는 JAR들의 전체 목록을 보시려면, 로그 레벨을 디버그 레벨로 설정하십시오. 스캔 과정에서 불필요한 JAR들을 건너뛰면, 시스템 시작 시간과 JSP 컴파일 시간을 단축시킬 수 있습니다.
18-Nov-2020 13:32:37.701 INFO [main] org.apache.catalina.startup.HostConfig.deployDirectory 웹 애플리케이션 디렉토리 [C:\apache-tomcat-9.0.37\webapps\examples]에 대한 배치가 [564] 밀리초에 완료되었습니다.
18-Nov-2020 13:32:37.701 INFO [main] org.apache.catalina.startup.HostConfig.deployDirectory 웹 애플리케이션 디렉토리 [C:\apache-tomcat-9.0.37\webapps\host-manager]을(를) 배치합니다.
18-Nov-2020 13:32:37.748 INFO [main] org.apache.jasper.servlet.TldScanner.scanJars 적어도 하나의 JAR가 TLD들을 찾기 위해 스캔되었으나 아무 것도 찾지 못했습니다. 스캔했으나 TLD가 없는 JAR들의 전체 목록을 보시려면, 로그 레벨을 디버그 레벨로 설정하십시오. 스캔 과정에서 불필요한 JAR들을 건너뛰면, 시스템 시작 시간과 JSP 컴파일 시간을 단축시킬 수 있습니다.
18-Nov-2020 13:32:37.755 INFO [main] org.apache.catalina.startup.HostConfig.deployDirectory 웹 애플리케이션 디렉토리 [C:\apache-tomcat-9.0.37\webapps\host-manager]에 대한 배치가 [54] 밀리초에 완료되었습니다.
18-Nov-2020 13:32:37.756 INFO [main] org.apache.catalina.startup.HostConfig.deployDirectory 웹 애플리케이션 디렉토리 [C:\apache-tomcat-9.0.37\webapps\jspbook]을(를) 배치합니다.
18-Nov-2020 13:32:37.815 INFO [main] org.apache.jasper.servlet.TldScanner.scanJars 적어도 하나의 JAR가 TLD들을 찾기 위해 스캔되었으나 아무 것도 찾지 못했습니다. 스캔했으나 TLD가 없는 JAR들의 전체 목록을 보시려면, 로그 레벨을 디버그 레벨로 설정하십시오. 스캔 과정에서 불필요한 JAR들을 건너뛰면, 시스템 시작 시간과 JSP 컴파일 시간을 단축시킬 수 있습니다.
18-Nov-2020 13:32:37.968 INFO [main] org.apache.catalina.startup.HostConfig.deployDirectory 웹 애플리케이션 디렉토리 [C:\apache-tomcat-9.0.37\webapps\jspbook]에 대한 배치가 [212] 밀리초에 완료되었습니다.
18-Nov-2020 13:32:37.969 INFO [main] org.apache.catalina.startup.HostConfig.deployDirectory 웹 애플리케이션 디렉토리 [C:\apache-tomcat-9.0.37\webapps\manager]을(를) 배치합니다.
18-Nov-2020 13:32:38.024 INFO [main] org.apache.jasper.servlet.TldScanner.scanJars 적어도 하나의 JAR가 TLD들을 찾기 위해 스캔되었으나 아무 것도 찾지 못했습니다. 스캔했으나 TLD가 없는 JAR들의 전체 목록을 보시려면, 로그 레벨을 디버그 레벨로 설정하십시오. 스캔 과정에서 불필요한 JAR들을 건너뛰면, 시스템 시작 시간과 JSP 컴파일 시간을 단축시킬 수 있습니다.
18-Nov-2020 13:32:38.030 INFO [main] org.apache.catalina.startup.HostConfig.deployDirectory 웹 애플리케이션 디렉토리 [C:\apache-tomcat-9.0.37\webapps\manager]에 대한 배치가 [61] 밀리초에 완료되었습니다.
18-Nov-2020 13:32:38.031 INFO [main] org.apache.catalina.startup.HostConfig.deployDirectory 웹 애플리케이션 디렉토리 [C:\apache-tomcat-9.0.37\webapps\ROOT]을(를) 배치합니다.
18-Nov-2020 13:32:38.075 INFO [main] org.apache.jasper.servlet.TldScanner.scanJars 적어도 하나의 JAR가 TLD들을 찾기 위해 스캔되었으나 아무 것도 찾지 못했습니다. 스캔했으나 TLD가 없는 JAR들의 전체 목록을 보시려면, 로그 레벨을 디버그 레벨로 설정하십시오. 스캔 과정에서 불필요한 JAR들을 건너뛰면, 시스템 시작 시간과 JSP 컴파일 시간을 단축시킬 수 있습니다.
18-Nov-2020 13:32:38.080 INFO [main] org.apache.catalina.startup.HostConfig.deployDirectory 웹 애플리케이션 디렉토리 [C:\apache-tomcat-9.0.37\webapps\ROOT]에 대한 배치가 [49] 밀리초에 완료되었습니다.
18-Nov-2020 13:32:38.084 INFO [main] org.apache.coyote.AbstractProtocol.start 프로토콜 핸들러 ["http-nio-8080"]을(를) 시작합니다.
18-Nov-2020 13:32:38.092 INFO [main] org.apache.catalina.startup.Catalina.start 서버가 [1449] 밀리초 내에 시작되었습니다.
