18-Oct-2020 16:07:01.841 INFO [main] org.apache.catalina.startup.VersionLoggerListener.log 서버 버전 이름:        Apache Tomcat/9.0.37
18-Oct-2020 16:07:01.845 INFO [main] org.apache.catalina.startup.VersionLoggerListener.log Server 빌드 시각:          Jun 30 2020 20:09:49 UTC
18-Oct-2020 16:07:01.845 INFO [main] org.apache.catalina.startup.VersionLoggerListener.log Server 버전 번호:         9.0.37.0
18-Oct-2020 16:07:01.846 INFO [main] org.apache.catalina.startup.VersionLoggerListener.log 운영체제 이름:               Windows 10
18-Oct-2020 16:07:01.846 INFO [main] org.apache.catalina.startup.VersionLoggerListener.log 운영체제 버전:            10.0
18-Oct-2020 16:07:01.846 INFO [main] org.apache.catalina.startup.VersionLoggerListener.log 아키텍처:          amd64
18-Oct-2020 16:07:01.846 INFO [main] org.apache.catalina.startup.VersionLoggerListener.log 자바 홈:             C:\Program Files\Java\jdk-14.0.2
18-Oct-2020 16:07:01.846 INFO [main] org.apache.catalina.startup.VersionLoggerListener.log JVM 버전:           14.0.2+12-46
18-Oct-2020 16:07:01.847 INFO [main] org.apache.catalina.startup.VersionLoggerListener.log JVM 벤더:            Oracle Corporation
18-Oct-2020 16:07:01.847 INFO [main] org.apache.catalina.startup.VersionLoggerListener.log CATALINA_BASE:         C:\apache-tomcat-9.0.37
18-Oct-2020 16:07:01.847 INFO [main] org.apache.catalina.startup.VersionLoggerListener.log CATALINA_HOME:         C:\apache-tomcat-9.0.37
18-Oct-2020 16:07:01.865 INFO [main] org.apache.catalina.startup.VersionLoggerListener.log 명령 행 아규먼트: --add-opens=java.base/java.lang=ALL-UNNAMED
18-Oct-2020 16:07:01.865 INFO [main] org.apache.catalina.startup.VersionLoggerListener.log 명령 행 아규먼트: --add-opens=java.base/java.io=ALL-UNNAMED
18-Oct-2020 16:07:01.865 INFO [main] org.apache.catalina.startup.VersionLoggerListener.log 명령 행 아규먼트: --add-opens=java.rmi/sun.rmi.transport=ALL-UNNAMED
18-Oct-2020 16:07:01.866 INFO [main] org.apache.catalina.startup.VersionLoggerListener.log 명령 행 아규먼트: -Djava.util.logging.config.file=C:\apache-tomcat-9.0.37\conf\logging.properties
18-Oct-2020 16:07:01.867 INFO [main] org.apache.catalina.startup.VersionLoggerListener.log 명령 행 아규먼트: -Djava.util.logging.manager=org.apache.juli.ClassLoaderLogManager
18-Oct-2020 16:07:01.867 INFO [main] org.apache.catalina.startup.VersionLoggerListener.log 명령 행 아규먼트: -Djdk.tls.ephemeralDHKeySize=2048
18-Oct-2020 16:07:01.868 INFO [main] org.apache.catalina.startup.VersionLoggerListener.log 명령 행 아규먼트: -Djava.protocol.handler.pkgs=org.apache.catalina.webresources
18-Oct-2020 16:07:01.868 INFO [main] org.apache.catalina.startup.VersionLoggerListener.log 명령 행 아규먼트: -Dignore.endorsed.dirs=
18-Oct-2020 16:07:01.869 INFO [main] org.apache.catalina.startup.VersionLoggerListener.log 명령 행 아규먼트: -Dcatalina.base=C:\apache-tomcat-9.0.37
18-Oct-2020 16:07:01.869 INFO [main] org.apache.catalina.startup.VersionLoggerListener.log 명령 행 아규먼트: -Dcatalina.home=C:\apache-tomcat-9.0.37
18-Oct-2020 16:07:01.869 INFO [main] org.apache.catalina.startup.VersionLoggerListener.log 명령 행 아규먼트: -Djava.io.tmpdir=C:\apache-tomcat-9.0.37\temp
18-Oct-2020 16:07:01.870 INFO [main] org.apache.catalina.core.AprLifecycleListener.lifecycleEvent APR 버전 [1.7.0]을(를) 사용한, APR 기반 Apache Tomcat Native 라이브러리 [1.2.24]을(를) 로드했습니다.
18-Oct-2020 16:07:01.870 INFO [main] org.apache.catalina.core.AprLifecycleListener.lifecycleEvent APR 용량정보들: IPv6 [true], sendfile [true], accept filters [false], random [true].
18-Oct-2020 16:07:01.871 INFO [main] org.apache.catalina.core.AprLifecycleListener.lifecycleEvent APR/OpenSSL 설정: useAprConnector [false], useOpenSSL [true]
18-Oct-2020 16:07:01.887 INFO [main] org.apache.catalina.core.AprLifecycleListener.initializeSSL OpenSSL이 성공적으로 초기화되었습니다: [OpenSSL 1.1.1g  21 Apr 2020]
18-Oct-2020 16:07:02.293 INFO [main] org.apache.coyote.AbstractProtocol.init 프로토콜 핸들러 ["http-nio-8080"]을(를) 초기화합니다.
18-Oct-2020 16:07:02.405 INFO [main] org.apache.catalina.startup.Catalina.load [780] 밀리초 내에 서버가 초기화되었습니다.
18-Oct-2020 16:07:02.462 INFO [main] org.apache.catalina.core.StandardService.startInternal 서비스 [Catalina]을(를) 시작합니다.
18-Oct-2020 16:07:02.463 INFO [main] org.apache.catalina.core.StandardEngine.startInternal 서버 엔진을 시작합니다: [Apache Tomcat/9.0.37]
18-Oct-2020 16:07:02.475 INFO [main] org.apache.catalina.startup.HostConfig.deployDirectory 웹 애플리케이션 디렉토리 [C:\apache-tomcat-9.0.37\webapps\docs]을(를) 배치합니다.
18-Oct-2020 16:07:02.884 INFO [main] org.apache.jasper.servlet.TldScanner.scanJars 적어도 하나의 JAR가 TLD들을 찾기 위해 스캔되었으나 아무 것도 찾지 못했습니다. 스캔했으나 TLD가 없는 JAR들의 전체 목록을 보시려면, 로그 레벨을 디버그 레벨로 설정하십시오. 스캔 과정에서 불필요한 JAR들을 건너뛰면, 시스템 시작 시간과 JSP 컴파일 시간을 단축시킬 수 있습니다.
18-Oct-2020 16:07:02.975 INFO [main] org.apache.catalina.startup.HostConfig.deployDirectory 웹 애플리케이션 디렉토리 [C:\apache-tomcat-9.0.37\webapps\docs]에 대한 배치가 [497] 밀리초에 완료되었습니다.
18-Oct-2020 16:07:02.976 INFO [main] org.apache.catalina.startup.HostConfig.deployDirectory 웹 애플리케이션 디렉토리 [C:\apache-tomcat-9.0.37\webapps\examples]을(를) 배치합니다.
18-Oct-2020 16:07:03.431 INFO [main] org.apache.jasper.servlet.TldScanner.scanJars 적어도 하나의 JAR가 TLD들을 찾기 위해 스캔되었으나 아무 것도 찾지 못했습니다. 스캔했으나 TLD가 없는 JAR들의 전체 목록을 보시려면, 로그 레벨을 디버그 레벨로 설정하십시오. 스캔 과정에서 불필요한 JAR들을 건너뛰면, 시스템 시작 시간과 JSP 컴파일 시간을 단축시킬 수 있습니다.
18-Oct-2020 16:07:03.500 INFO [main] org.apache.catalina.startup.HostConfig.deployDirectory 웹 애플리케이션 디렉토리 [C:\apache-tomcat-9.0.37\webapps\examples]에 대한 배치가 [524] 밀리초에 완료되었습니다.
18-Oct-2020 16:07:03.500 INFO [main] org.apache.catalina.startup.HostConfig.deployDirectory 웹 애플리케이션 디렉토리 [C:\apache-tomcat-9.0.37\webapps\host-manager]을(를) 배치합니다.
18-Oct-2020 16:07:03.551 INFO [main] org.apache.jasper.servlet.TldScanner.scanJars 적어도 하나의 JAR가 TLD들을 찾기 위해 스캔되었으나 아무 것도 찾지 못했습니다. 스캔했으나 TLD가 없는 JAR들의 전체 목록을 보시려면, 로그 레벨을 디버그 레벨로 설정하십시오. 스캔 과정에서 불필요한 JAR들을 건너뛰면, 시스템 시작 시간과 JSP 컴파일 시간을 단축시킬 수 있습니다.
18-Oct-2020 16:07:03.563 INFO [main] org.apache.catalina.startup.HostConfig.deployDirectory 웹 애플리케이션 디렉토리 [C:\apache-tomcat-9.0.37\webapps\host-manager]에 대한 배치가 [63] 밀리초에 완료되었습니다.
18-Oct-2020 16:07:03.564 INFO [main] org.apache.catalina.startup.HostConfig.deployDirectory 웹 애플리케이션 디렉토리 [C:\apache-tomcat-9.0.37\webapps\jspbook]을(를) 배치합니다.
18-Oct-2020 16:07:03.618 INFO [main] org.apache.jasper.servlet.TldScanner.scanJars 적어도 하나의 JAR가 TLD들을 찾기 위해 스캔되었으나 아무 것도 찾지 못했습니다. 스캔했으나 TLD가 없는 JAR들의 전체 목록을 보시려면, 로그 레벨을 디버그 레벨로 설정하십시오. 스캔 과정에서 불필요한 JAR들을 건너뛰면, 시스템 시작 시간과 JSP 컴파일 시간을 단축시킬 수 있습니다.
18-Oct-2020 16:07:03.724 INFO [main] org.apache.catalina.startup.HostConfig.deployDirectory 웹 애플리케이션 디렉토리 [C:\apache-tomcat-9.0.37\webapps\jspbook]에 대한 배치가 [159] 밀리초에 완료되었습니다.
18-Oct-2020 16:07:03.724 INFO [main] org.apache.catalina.startup.HostConfig.deployDirectory 웹 애플리케이션 디렉토리 [C:\apache-tomcat-9.0.37\webapps\manager]을(를) 배치합니다.
18-Oct-2020 16:07:03.765 INFO [main] org.apache.jasper.servlet.TldScanner.scanJars 적어도 하나의 JAR가 TLD들을 찾기 위해 스캔되었으나 아무 것도 찾지 못했습니다. 스캔했으나 TLD가 없는 JAR들의 전체 목록을 보시려면, 로그 레벨을 디버그 레벨로 설정하십시오. 스캔 과정에서 불필요한 JAR들을 건너뛰면, 시스템 시작 시간과 JSP 컴파일 시간을 단축시킬 수 있습니다.
18-Oct-2020 16:07:03.769 INFO [main] org.apache.catalina.startup.HostConfig.deployDirectory 웹 애플리케이션 디렉토리 [C:\apache-tomcat-9.0.37\webapps\manager]에 대한 배치가 [45] 밀리초에 완료되었습니다.
18-Oct-2020 16:07:03.769 INFO [main] org.apache.catalina.startup.HostConfig.deployDirectory 웹 애플리케이션 디렉토리 [C:\apache-tomcat-9.0.37\webapps\ROOT]을(를) 배치합니다.
18-Oct-2020 16:07:03.803 INFO [main] org.apache.jasper.servlet.TldScanner.scanJars 적어도 하나의 JAR가 TLD들을 찾기 위해 스캔되었으나 아무 것도 찾지 못했습니다. 스캔했으나 TLD가 없는 JAR들의 전체 목록을 보시려면, 로그 레벨을 디버그 레벨로 설정하십시오. 스캔 과정에서 불필요한 JAR들을 건너뛰면, 시스템 시작 시간과 JSP 컴파일 시간을 단축시킬 수 있습니다.
18-Oct-2020 16:07:03.806 INFO [main] org.apache.catalina.startup.HostConfig.deployDirectory 웹 애플리케이션 디렉토리 [C:\apache-tomcat-9.0.37\webapps\ROOT]에 대한 배치가 [37] 밀리초에 완료되었습니다.
18-Oct-2020 16:07:03.810 INFO [main] org.apache.coyote.AbstractProtocol.start 프로토콜 핸들러 ["http-nio-8080"]을(를) 시작합니다.
18-Oct-2020 16:07:03.818 INFO [main] org.apache.catalina.startup.Catalina.start 서버가 [1413] 밀리초 내에 시작되었습니다.
18-Oct-2020 17:52:37.197 INFO [Catalina-utility-1] org.apache.catalina.startup.HostConfig.reload 컨텍스트 [/jspbook]을(를) 다시 로드합니다.
18-Oct-2020 17:52:37.198 INFO [Catalina-utility-1] org.apache.catalina.core.StandardContext.reload 이름이 [/jspbook]인 컨텍스트를 다시 로드하는 작업이 시작되었습니다.
18-Oct-2020 17:52:37.277 INFO [Catalina-utility-1] org.apache.jasper.servlet.TldScanner.scanJars 적어도 하나의 JAR가 TLD들을 찾기 위해 스캔되었으나 아무 것도 찾지 못했습니다. 스캔했으나 TLD가 없는 JAR들의 전체 목록을 보시려면, 로그 레벨을 디버그 레벨로 설정하십시오. 스캔 과정에서 불필요한 JAR들을 건너뛰면, 시스템 시작 시간과 JSP 컴파일 시간을 단축시킬 수 있습니다.
18-Oct-2020 17:52:37.294 INFO [Catalina-utility-1] org.apache.catalina.core.StandardContext.reload 이름이 [/jspbook]인 컨텍스트를 다시 로드하는 것을 완료했습니다.
18-Oct-2020 17:52:57.304 INFO [Catalina-utility-2] org.apache.catalina.startup.HostConfig.reload 컨텍스트 [/jspbook]을(를) 다시 로드합니다.
18-Oct-2020 17:52:57.305 INFO [Catalina-utility-2] org.apache.catalina.core.StandardContext.reload 이름이 [/jspbook]인 컨텍스트를 다시 로드하는 작업이 시작되었습니다.
18-Oct-2020 17:52:57.356 INFO [Catalina-utility-2] org.apache.jasper.servlet.TldScanner.scanJars 적어도 하나의 JAR가 TLD들을 찾기 위해 스캔되었으나 아무 것도 찾지 못했습니다. 스캔했으나 TLD가 없는 JAR들의 전체 목록을 보시려면, 로그 레벨을 디버그 레벨로 설정하십시오. 스캔 과정에서 불필요한 JAR들을 건너뛰면, 시스템 시작 시간과 JSP 컴파일 시간을 단축시킬 수 있습니다.
18-Oct-2020 17:52:57.364 INFO [Catalina-utility-2] org.apache.catalina.core.StandardContext.reload 이름이 [/jspbook]인 컨텍스트를 다시 로드하는 것을 완료했습니다.
18-Oct-2020 18:03:57.692 INFO [Catalina-utility-1] org.apache.catalina.startup.HostConfig.reload 컨텍스트 [/jspbook]을(를) 다시 로드합니다.
18-Oct-2020 18:03:57.692 INFO [Catalina-utility-1] org.apache.catalina.core.StandardContext.reload 이름이 [/jspbook]인 컨텍스트를 다시 로드하는 작업이 시작되었습니다.
18-Oct-2020 18:03:57.734 INFO [Catalina-utility-1] org.apache.jasper.servlet.TldScanner.scanJars 적어도 하나의 JAR가 TLD들을 찾기 위해 스캔되었으나 아무 것도 찾지 못했습니다. 스캔했으나 TLD가 없는 JAR들의 전체 목록을 보시려면, 로그 레벨을 디버그 레벨로 설정하십시오. 스캔 과정에서 불필요한 JAR들을 건너뛰면, 시스템 시작 시간과 JSP 컴파일 시간을 단축시킬 수 있습니다.
18-Oct-2020 18:03:57.743 INFO [Catalina-utility-1] org.apache.catalina.core.StandardContext.reload 이름이 [/jspbook]인 컨텍스트를 다시 로드하는 것을 완료했습니다.
18-Oct-2020 21:59:50.421 INFO [main] org.apache.catalina.startup.VersionLoggerListener.log 서버 버전 이름:        Apache Tomcat/9.0.37
18-Oct-2020 21:59:50.426 INFO [main] org.apache.catalina.startup.VersionLoggerListener.log Server 빌드 시각:          Jun 30 2020 20:09:49 UTC
18-Oct-2020 21:59:50.426 INFO [main] org.apache.catalina.startup.VersionLoggerListener.log Server 버전 번호:         9.0.37.0
18-Oct-2020 21:59:50.427 INFO [main] org.apache.catalina.startup.VersionLoggerListener.log 운영체제 이름:               Windows 10
18-Oct-2020 21:59:50.427 INFO [main] org.apache.catalina.startup.VersionLoggerListener.log 운영체제 버전:            10.0
18-Oct-2020 21:59:50.427 INFO [main] org.apache.catalina.startup.VersionLoggerListener.log 아키텍처:          amd64
18-Oct-2020 21:59:50.427 INFO [main] org.apache.catalina.startup.VersionLoggerListener.log 자바 홈:             C:\Program Files\Java\jdk-14.0.2
18-Oct-2020 21:59:50.427 INFO [main] org.apache.catalina.startup.VersionLoggerListener.log JVM 버전:           14.0.2+12-46
18-Oct-2020 21:59:50.428 INFO [main] org.apache.catalina.startup.VersionLoggerListener.log JVM 벤더:            Oracle Corporation
18-Oct-2020 21:59:50.428 INFO [main] org.apache.catalina.startup.VersionLoggerListener.log CATALINA_BASE:         C:\apache-tomcat-9.0.37
18-Oct-2020 21:59:50.428 INFO [main] org.apache.catalina.startup.VersionLoggerListener.log CATALINA_HOME:         C:\apache-tomcat-9.0.37
18-Oct-2020 21:59:50.443 INFO [main] org.apache.catalina.startup.VersionLoggerListener.log 명령 행 아규먼트: --add-opens=java.base/java.lang=ALL-UNNAMED
18-Oct-2020 21:59:50.443 INFO [main] org.apache.catalina.startup.VersionLoggerListener.log 명령 행 아규먼트: --add-opens=java.base/java.io=ALL-UNNAMED
18-Oct-2020 21:59:50.443 INFO [main] org.apache.catalina.startup.VersionLoggerListener.log 명령 행 아규먼트: --add-opens=java.rmi/sun.rmi.transport=ALL-UNNAMED
18-Oct-2020 21:59:50.443 INFO [main] org.apache.catalina.startup.VersionLoggerListener.log 명령 행 아규먼트: -Djava.util.logging.config.file=C:\apache-tomcat-9.0.37\conf\logging.properties
18-Oct-2020 21:59:50.444 INFO [main] org.apache.catalina.startup.VersionLoggerListener.log 명령 행 아규먼트: -Djava.util.logging.manager=org.apache.juli.ClassLoaderLogManager
18-Oct-2020 21:59:50.444 INFO [main] org.apache.catalina.startup.VersionLoggerListener.log 명령 행 아규먼트: -Djdk.tls.ephemeralDHKeySize=2048
18-Oct-2020 21:59:50.445 INFO [main] org.apache.catalina.startup.VersionLoggerListener.log 명령 행 아규먼트: -Djava.protocol.handler.pkgs=org.apache.catalina.webresources
18-Oct-2020 21:59:50.445 INFO [main] org.apache.catalina.startup.VersionLoggerListener.log 명령 행 아규먼트: -Dignore.endorsed.dirs=
18-Oct-2020 21:59:50.446 INFO [main] org.apache.catalina.startup.VersionLoggerListener.log 명령 행 아규먼트: -Dcatalina.base=C:\apache-tomcat-9.0.37
18-Oct-2020 21:59:50.446 INFO [main] org.apache.catalina.startup.VersionLoggerListener.log 명령 행 아규먼트: -Dcatalina.home=C:\apache-tomcat-9.0.37
18-Oct-2020 21:59:50.447 INFO [main] org.apache.catalina.startup.VersionLoggerListener.log 명령 행 아규먼트: -Djava.io.tmpdir=C:\apache-tomcat-9.0.37\temp
18-Oct-2020 21:59:50.448 INFO [main] org.apache.catalina.core.AprLifecycleListener.lifecycleEvent APR 버전 [1.7.0]을(를) 사용한, APR 기반 Apache Tomcat Native 라이브러리 [1.2.24]을(를) 로드했습니다.
18-Oct-2020 21:59:50.448 INFO [main] org.apache.catalina.core.AprLifecycleListener.lifecycleEvent APR 용량정보들: IPv6 [true], sendfile [true], accept filters [false], random [true].
18-Oct-2020 21:59:50.453 INFO [main] org.apache.catalina.core.AprLifecycleListener.lifecycleEvent APR/OpenSSL 설정: useAprConnector [false], useOpenSSL [true]
18-Oct-2020 21:59:50.460 INFO [main] org.apache.catalina.core.AprLifecycleListener.initializeSSL OpenSSL이 성공적으로 초기화되었습니다: [OpenSSL 1.1.1g  21 Apr 2020]
18-Oct-2020 21:59:50.852 INFO [main] org.apache.coyote.AbstractProtocol.init 프로토콜 핸들러 ["http-nio-8080"]을(를) 초기화합니다.
18-Oct-2020 21:59:50.973 INFO [main] org.apache.catalina.startup.Catalina.load [887] 밀리초 내에 서버가 초기화되었습니다.
18-Oct-2020 21:59:51.044 INFO [main] org.apache.catalina.core.StandardService.startInternal 서비스 [Catalina]을(를) 시작합니다.
18-Oct-2020 21:59:51.049 INFO [main] org.apache.catalina.core.StandardEngine.startInternal 서버 엔진을 시작합니다: [Apache Tomcat/9.0.37]
18-Oct-2020 21:59:51.065 INFO [main] org.apache.catalina.startup.HostConfig.deployDirectory 웹 애플리케이션 디렉토리 [C:\apache-tomcat-9.0.37\webapps\docs]을(를) 배치합니다.
18-Oct-2020 21:59:51.455 INFO [main] org.apache.jasper.servlet.TldScanner.scanJars 적어도 하나의 JAR가 TLD들을 찾기 위해 스캔되었으나 아무 것도 찾지 못했습니다. 스캔했으나 TLD가 없는 JAR들의 전체 목록을 보시려면, 로그 레벨을 디버그 레벨로 설정하십시오. 스캔 과정에서 불필요한 JAR들을 건너뛰면, 시스템 시작 시간과 JSP 컴파일 시간을 단축시킬 수 있습니다.
18-Oct-2020 21:59:51.582 INFO [main] org.apache.catalina.startup.HostConfig.deployDirectory 웹 애플리케이션 디렉토리 [C:\apache-tomcat-9.0.37\webapps\docs]에 대한 배치가 [511] 밀리초에 완료되었습니다.
18-Oct-2020 21:59:51.585 INFO [main] org.apache.catalina.startup.HostConfig.deployDirectory 웹 애플리케이션 디렉토리 [C:\apache-tomcat-9.0.37\webapps\examples]을(를) 배치합니다.
18-Oct-2020 21:59:52.151 INFO [main] org.apache.jasper.servlet.TldScanner.scanJars 적어도 하나의 JAR가 TLD들을 찾기 위해 스캔되었으나 아무 것도 찾지 못했습니다. 스캔했으나 TLD가 없는 JAR들의 전체 목록을 보시려면, 로그 레벨을 디버그 레벨로 설정하십시오. 스캔 과정에서 불필요한 JAR들을 건너뛰면, 시스템 시작 시간과 JSP 컴파일 시간을 단축시킬 수 있습니다.
18-Oct-2020 21:59:52.227 INFO [main] org.apache.catalina.startup.HostConfig.deployDirectory 웹 애플리케이션 디렉토리 [C:\apache-tomcat-9.0.37\webapps\examples]에 대한 배치가 [642] 밀리초에 완료되었습니다.
18-Oct-2020 21:59:52.228 INFO [main] org.apache.catalina.startup.HostConfig.deployDirectory 웹 애플리케이션 디렉토리 [C:\apache-tomcat-9.0.37\webapps\host-manager]을(를) 배치합니다.
18-Oct-2020 21:59:52.302 INFO [main] org.apache.jasper.servlet.TldScanner.scanJars 적어도 하나의 JAR가 TLD들을 찾기 위해 스캔되었으나 아무 것도 찾지 못했습니다. 스캔했으나 TLD가 없는 JAR들의 전체 목록을 보시려면, 로그 레벨을 디버그 레벨로 설정하십시오. 스캔 과정에서 불필요한 JAR들을 건너뛰면, 시스템 시작 시간과 JSP 컴파일 시간을 단축시킬 수 있습니다.
18-Oct-2020 21:59:52.319 INFO [main] org.apache.catalina.startup.HostConfig.deployDirectory 웹 애플리케이션 디렉토리 [C:\apache-tomcat-9.0.37\webapps\host-manager]에 대한 배치가 [91] 밀리초에 완료되었습니다.
18-Oct-2020 21:59:52.320 INFO [main] org.apache.catalina.startup.HostConfig.deployDirectory 웹 애플리케이션 디렉토리 [C:\apache-tomcat-9.0.37\webapps\jspbook]을(를) 배치합니다.
18-Oct-2020 21:59:52.405 INFO [main] org.apache.jasper.servlet.TldScanner.scanJars 적어도 하나의 JAR가 TLD들을 찾기 위해 스캔되었으나 아무 것도 찾지 못했습니다. 스캔했으나 TLD가 없는 JAR들의 전체 목록을 보시려면, 로그 레벨을 디버그 레벨로 설정하십시오. 스캔 과정에서 불필요한 JAR들을 건너뛰면, 시스템 시작 시간과 JSP 컴파일 시간을 단축시킬 수 있습니다.
18-Oct-2020 21:59:52.557 INFO [main] org.apache.catalina.startup.HostConfig.deployDirectory 웹 애플리케이션 디렉토리 [C:\apache-tomcat-9.0.37\webapps\jspbook]에 대한 배치가 [237] 밀리초에 완료되었습니다.
18-Oct-2020 21:59:52.557 INFO [main] org.apache.catalina.startup.HostConfig.deployDirectory 웹 애플리케이션 디렉토리 [C:\apache-tomcat-9.0.37\webapps\manager]을(를) 배치합니다.
18-Oct-2020 21:59:52.610 INFO [main] org.apache.jasper.servlet.TldScanner.scanJars 적어도 하나의 JAR가 TLD들을 찾기 위해 스캔되었으나 아무 것도 찾지 못했습니다. 스캔했으나 TLD가 없는 JAR들의 전체 목록을 보시려면, 로그 레벨을 디버그 레벨로 설정하십시오. 스캔 과정에서 불필요한 JAR들을 건너뛰면, 시스템 시작 시간과 JSP 컴파일 시간을 단축시킬 수 있습니다.
18-Oct-2020 21:59:52.617 INFO [main] org.apache.catalina.startup.HostConfig.deployDirectory 웹 애플리케이션 디렉토리 [C:\apache-tomcat-9.0.37\webapps\manager]에 대한 배치가 [60] 밀리초에 완료되었습니다.
18-Oct-2020 21:59:52.618 INFO [main] org.apache.catalina.startup.HostConfig.deployDirectory 웹 애플리케이션 디렉토리 [C:\apache-tomcat-9.0.37\webapps\ROOT]을(를) 배치합니다.
18-Oct-2020 21:59:52.662 INFO [main] org.apache.jasper.servlet.TldScanner.scanJars 적어도 하나의 JAR가 TLD들을 찾기 위해 스캔되었으나 아무 것도 찾지 못했습니다. 스캔했으나 TLD가 없는 JAR들의 전체 목록을 보시려면, 로그 레벨을 디버그 레벨로 설정하십시오. 스캔 과정에서 불필요한 JAR들을 건너뛰면, 시스템 시작 시간과 JSP 컴파일 시간을 단축시킬 수 있습니다.
18-Oct-2020 21:59:52.667 INFO [main] org.apache.catalina.startup.HostConfig.deployDirectory 웹 애플리케이션 디렉토리 [C:\apache-tomcat-9.0.37\webapps\ROOT]에 대한 배치가 [48] 밀리초에 완료되었습니다.
18-Oct-2020 21:59:52.674 INFO [main] org.apache.coyote.AbstractProtocol.start 프로토콜 핸들러 ["http-nio-8080"]을(를) 시작합니다.
18-Oct-2020 21:59:52.686 INFO [main] org.apache.catalina.startup.Catalina.start 서버가 [1712] 밀리초 내에 시작되었습니다.
